----------------------------------------------------------------------------
SUMMARY-            Translator Settings
----------------------------------------------------------------------------
UNITS                                              = METRIC                                            
MAX_SPLINE_DEGREE                                  = 3                                                 
UGI_IMPORT_POLYLINE                                = SPLINE                                            
UGI_DIM_IMPORT_FLAG                                = GROUP                                             
FILL_MODE                                          = OFF                                               
IMPORT_ACAD_MODEL_DATA                             = YES                                               
IMPORT_ACAD_MODEL_DATA_TO                          = MODELING                                          
IMPORT_ACAD_LAYOUTS                                = YES                                               
IMPORT_ACAD_LAYOUTS_TO                             = IMPORTED_VIEW                                     
IMPORT_ACAD_BlOCKS_AS                              = GROUP                                             
IMPORT_ACAD_CURVES_ON_SKETCH                       = NO                                                
AVOID_NX_TEMPLATE_PART_LAYERS                      = YES                                               
SET_NX_LAYER_NUMBER_FROM_PREFIX                    = NO                                                
SKIP_UNREFERENCED_ACAD_LAYERS                      = YES                                               
IMPORT_UNSELECTED_ACAD_LAYERS                      = NO                                                
IMPORT_UNSELECTED_ACAD_LAYERS_TO                   = 256                                               
NON_NUMERIC_LAYER_SORTING_CRITERIA                 = ALPHABETICAL                                      
IMPORT_3D_FACES_AS                                 = JT FACETS                                         
-------------------------------End------------------------------------------

----------------------------------------------------------------------------
SUMMARY-            ACAD and NX Layouts\Drawing Info
----------------------------------------------------------------------------
ACAD Layout Name              NX Drawing Name               (Size)                        
----------------              ---------------               ------                        
Layout1                       SHT1                          (379.000000 * 379.000000)
-------------------------------End------------------------------------------

----------------------------------------------------------------------------
SUMMARY-            ACAD and NX Layer Mapping Info
----------------------------------------------------------------------------
ACAD Layer                                        NX Layer                                          
------------                                      -----------                                       
0                                                 2                                                 
1                                                 1                                                 
-------------------------------End------------------------------------------

----------------------------------------------------------------------------
SUMMARY-            ACAD and NX Linefonts Mapping Info
----------------------------------------------------------------------------
ACAD Linefont                                     NX Linefont                                       
------------                                      -----------                                       
CONTINUOUS                                        Solid                                             
-------------------------------End------------------------------------------

----------------------------------------------------------------------------
SUMMARY-            ACAD Text Fonts And NX Text Fonts Info
----------------------------------------------------------------------------
ACAD TextFont                                     NX TextFont                                       
------------                                      -----------                                       
txt                                               Arial                                             
-------------------------------End------------------------------------------

----------------------------------------------------------------------------
SUMMARY-            ACAD and NX Hatch Pattern Mapping Info
----------------------------------------------------------------------------
ACAD Hatch Pattern                                NX Hatch Pattern                                  
------------                                      -----------                                       

-None-
-------------------------------End------------------------------------------

INFO-
INFO-		AutoCAD 16 to Unigraphics Version NX V2007
INFO-		22.01
INFO-
INFO-		Running DXFTOUG Translator .....
INFO-
INFO-		Start of Translation: Tue Jun 10 23:31:56 2025
INFO-
STATUS-		Converting E:\MyNginxShare\3d_model_from_101\raw_blade_data\raw_dxf\l9_rotor_blade.dxf
STATUS-
SUMMARY-
SUMMARY-	Summary of AutoCAD Input Entities
SUMMARY-	For AutoCAD File: E:\MyNginxShare\3d_model_from_101\raw_blade_data\raw_dxf\l9_rotor_blade.dxf
SUMMARY-SUMMARY-	------------------------------------------------------------------
SUMMARY-	Entity Type					Count
SUMMARY-	------------------------------------------------------------------
SUMMARY-	Polyline .................................:	26
SUMMARY-	Layout ...................................:	1
SUMMARY-	------------------------------------------------------------------
SUMMARY-	Total ....................................:	27
SUMMARY-	------------------------------------------------------------------
SUMMARY-
STATUS-
INFO-
INFO-		Writing File: E:\MyNginxShare\3d_model_from_101\raw_blade_data\raw_dxf\l9_rotor_blade_dxf.prt
SUMMARY-	Summary of UG Output Entities
SUMMARY-	------------------------------------------------------------------
SUMMARY-	Entity Type					Count
SUMMARY-	------------------------------------------------------------------
SUMMARY-	Spline ...................................:	26
SUMMARY-	Group ....................................:	1
SUMMARY-	Layout ...................................:	1
SUMMARY-	------------------------------------------------------------------
SUMMARY-	Total ....................................:	28
SUMMARY-	------------------------------------------------------------------
SUMMARY-
INFO-
INFO-		End of Translation: Tue Jun 10 23:31:56 2025
INFO-		Translation CPU time: 0 m, 0 s
INFO-
